[TIME:1000ns] [ERROR] [ALU] ALU stalled waiting for response
[TIME:2000ns] [INFO] [ALU] ALU protocol violation: invalid state
[TIME:3000ns] [ERROR] [ALU] Assertion failed in ALU: assert
[TIME:4000ns] [FATAL] [AXI_INTERFACE] Data mismatch detected on AXI_INTERFACE: compare fail
[TIME:5000ns] [INFO] [AXI_INTERFACE] Data mismatch detected on AXI_INTERFACE: compare fail
[TIME:6000ns] [INFO] [CACHE_CTRL] Assertion failed in CACHE_CTRL: property
[TIME:7000ns] [INFO] [AXI_INTERFACE] Assertion failed in AXI_INTERFACE: assert
[TIME:8000ns] [INFO] [AXI_INTERFACE] AXI_INTERFACE stalled waiting for response
[TIME:9000ns] [INFO] [CACHE_CTRL] CACHE_CTRL timeout waiting for response
[TIME:10000ns] [ERROR] [MEMORY_CTRL] MEMORY_CTRL protocol violation: protocol
[TIME:11000ns] [ERROR] [MEMORY_CTRL] Assertion failed in MEMORY_CTRL: property
[TIME:12000ns] [INFO] [CACHE_CTRL] CACHE_CTRL no response waiting for response
[TIME:13000ns] [INFO] [MEMORY_CTRL] MEMORY_CTRL protocol violation: invalid state
[TIME:14000ns] [ERROR] [ALU] ALU protocol violation: invalid state
[TIME:15000ns] [ERROR] [ALU] ALU protocol violation: axi violation
[TIME:16000ns] [INFO] [ALU] ALU protocol violation: axi violation
[TIME:17000ns] [WARNING] [CACHE_CTRL] Memory error in CACHE_CTRL: parity error
[TIME:18000ns] [FATAL] [MEMORY_CTRL] MEMORY_CTRL stalled waiting for response
[TIME:19000ns] [INFO] [ALU] Memory error in ALU: invalid address
[TIME:20000ns] [INFO] [AXI_INTERFACE] Data mismatch detected on AXI_INTERFACE: compare fail
[TIME:21000ns] [INFO] [ALU] Assertion failed in ALU: assertion
[TIME:22000ns] [INFO] [CACHE_CTRL] CACHE_CTRL protocol violation: handshake
[TIME:23000ns] [INFO] [MEMORY_CTRL] Assertion failed in MEMORY_CTRL: assert
[TIME:24000ns] [FATAL] [ALU] Assertion failed in ALU: assertion
[TIME:25000ns] [INFO] [ALU] Data mismatch detected on ALU: compare fail
[TIME:26000ns] [INFO] [CACHE_CTRL] Assertion failed in CACHE_CTRL: assertion
[TIME:27000ns] [INFO] [MEMORY_CTRL] Data mismatch detected on MEMORY_CTRL: data mismatch
[TIME:28000ns] [INFO] [AXI_INTERFACE] AXI_INTERFACE stalled waiting for response
[TIME:29000ns] [INFO] [CACHE_CTRL] Memory error in CACHE_CTRL: ecc error
[TIME:30000ns] [WARNING] [ALU] ALU protocol violation: axi violation
[TIME:31000ns] [ERROR] [CACHE_CTRL] Data mismatch detected on CACHE_CTRL: compare fail
[TIME:32000ns] [INFO] [ALU] Memory error in ALU: ecc error
[TIME:33000ns] [WARNING] [CACHE_CTRL] Assertion failed in CACHE_CTRL: assert
[TIME:34000ns] [INFO] [CACHE_CTRL] CACHE_CTRL protocol violation: axi violation
[TIME:35000ns] [INFO] [AXI_INTERFACE] Assertion failed in AXI_INTERFACE: assertion
[TIME:36000ns] [INFO] [AXI_INTERFACE] AXI_INTERFACE protocol violation: axi violation
[TIME:37000ns] [ERROR] [AXI_INTERFACE] AXI_INTERFACE stalled waiting for response
[TIME:38000ns] [ERROR] [MEMORY_CTRL] MEMORY_CTRL no response waiting for response
[TIME:39000ns] [WARNING] [CACHE_CTRL] Memory error in CACHE_CTRL: invalid address
[TIME:40000ns] [WARNING] [AXI_INTERFACE] Memory error in AXI_INTERFACE: invalid address
[TIME:41000ns] [WARNING] [CACHE_CTRL] Assertion failed in CACHE_CTRL: assertion
[TIME:42000ns] [INFO] [AXI_INTERFACE] Assertion failed in AXI_INTERFACE: assert
[TIME:43000ns] [FATAL] [ALU] Assertion failed in ALU: assert
[TIME:44000ns] [INFO] [CACHE_CTRL] CACHE_CTRL protocol violation: handshake
[TIME:45000ns] [INFO] [AXI_INTERFACE] AXI_INTERFACE protocol violation: axi violation
[TIME:46000ns] [INFO] [MEMORY_CTRL] Assertion failed in MEMORY_CTRL: property
[TIME:47000ns] [ERROR] [CACHE_CTRL] CACHE_CTRL protocol violation: handshake
[TIME:48000ns] [INFO] [ALU] Assertion failed in ALU: property
[TIME:49000ns] [ERROR] [MEMORY_CTRL] Memory error in MEMORY_CTRL: parity error
[TIME:50000ns] [WARNING] [ALU] ALU protocol violation: protocol
[TIME:51000ns] [INFO] [CACHE_CTRL] Data mismatch detected on CACHE_CTRL: mismatch detected
[TIME:52000ns] [INFO] [AXI_INTERFACE] Assertion failed in AXI_INTERFACE: assertion
[TIME:53000ns] [INFO] [AXI_INTERFACE] Data mismatch detected on AXI_INTERFACE: compare fail
[TIME:54000ns] [INFO] [MEMORY_CTRL] Assertion failed in MEMORY_CTRL: assertion
[TIME:55000ns] [INFO] [ALU] ALU stalled waiting for response
[TIME:56000ns] [INFO] [MEMORY_CTRL] Assertion failed in MEMORY_CTRL: assert
[TIME:57000ns] [INFO] [MEMORY_CTRL] MEMORY_CTRL protocol violation: protocol
[TIME:58000ns] [INFO] [MEMORY_CTRL] Assertion failed in MEMORY_CTRL: property
[TIME:59000ns] [ERROR] [CACHE_CTRL] CACHE_CTRL protocol violation: handshake
[TIME:60000ns] [INFO] [CACHE_CTRL] Data mismatch detected on CACHE_CTRL: compare fail
[TIME:61000ns] [INFO] [CACHE_CTRL] Assertion failed in CACHE_CTRL: assert
[TIME:62000ns] [INFO] [AXI_INTERFACE] Assertion failed in AXI_INTERFACE: assert
[TIME:63000ns] [INFO] [MEMORY_CTRL] Assertion failed in MEMORY_CTRL: assert
[TIME:64000ns] [INFO] [CACHE_CTRL] Assertion failed in CACHE_CTRL: property
[TIME:64999ns] [INFO] [AXI_INTERFACE] Data mismatch detected on AXI_INTERFACE: mismatch detected
[TIME:66000ns] [ERROR] [ALU] ALU stalled waiting for response
[TIME:67000ns] [INFO] [MEMORY_CTRL] Memory error in MEMORY_CTRL: parity error
[TIME:68000ns] [ERROR] [AXI_INTERFACE] Memory error in AXI_INTERFACE: parity error
[TIME:69000ns] [FATAL] [AXI_INTERFACE] AXI_INTERFACE protocol violation: handshake
[TIME:70000ns] [ERROR] [ALU] ALU protocol violation: protocol
[TIME:71000ns] [INFO] [AXI_INTERFACE] Data mismatch detected on AXI_INTERFACE: data mismatch
[TIME:72000ns] [WARNING] [MEMORY_CTRL] MEMORY_CTRL stalled waiting for response
[TIME:73000ns] [ERROR] [AXI_INTERFACE] AXI_INTERFACE protocol violation: invalid state
[TIME:74000ns] [FATAL] [AXI_INTERFACE] AXI_INTERFACE protocol violation: axi violation
[TIME:75000ns] [INFO] [ALU] Assertion failed in ALU: assert
[TIME:76000ns] [INFO] [ALU] ALU protocol violation: protocol
[TIME:77000ns] [INFO] [ALU] ALU protocol violation: handshake
[TIME:78000ns] [INFO] [CACHE_CTRL] Memory error in CACHE_CTRL: ecc error
[TIME:79000ns] [INFO] [AXI_INTERFACE] AXI_INTERFACE stalled waiting for response
[TIME:80000ns] [INFO] [AXI_INTERFACE] Assertion failed in AXI_INTERFACE: assert
[TIME:81000ns] [INFO] [AXI_INTERFACE] Assertion failed in AXI_INTERFACE: assert
[TIME:82000ns] [INFO] [MEMORY_CTRL] MEMORY_CTRL protocol violation: axi violation
[TIME:83000ns] [INFO] [ALU] ALU protocol violation: handshake
[TIME:84000ns] [ERROR] [CACHE_CTRL] Data mismatch detected on CACHE_CTRL: data mismatch
[TIME:85000ns] [INFO] [MEMORY_CTRL] Memory error in MEMORY_CTRL: invalid address
[TIME:86000ns] [INFO] [CACHE_CTRL] Assertion failed in CACHE_CTRL: property
[TIME:87000ns] [ERROR] [MEMORY_CTRL] Data mismatch detected on MEMORY_CTRL: compare fail
[TIME:88000ns] [ERROR] [CACHE_CTRL] Data mismatch detected on CACHE_CTRL: data mismatch
[TIME:89000ns] [FATAL] [ALU] Data mismatch detected on ALU: mismatch detected
[TIME:90000ns] [INFO] [AXI_INTERFACE] Data mismatch detected on AXI_INTERFACE: mismatch detected
[TIME:91000ns] [INFO] [MEMORY_CTRL] MEMORY_CTRL protocol violation: axi violation
[TIME:92000ns] [INFO] [AXI_INTERFACE] Data mismatch detected on AXI_INTERFACE: data mismatch
[TIME:93000ns] [WARNING] [CACHE_CTRL] CACHE_CTRL no response waiting for response
[TIME:94000ns] [INFO] [ALU] ALU timeout waiting for response
[TIME:95000ns] [INFO] [CACHE_CTRL] CACHE_CTRL protocol violation: protocol
[TIME:96000ns] [INFO] [MEMORY_CTRL] Assertion failed in MEMORY_CTRL: property
[TIME:97000ns] [INFO] [AXI_INTERFACE] AXI_INTERFACE stalled waiting for response
[TIME:98000ns] [INFO] [MEMORY_CTRL] MEMORY_CTRL protocol violation: handshake
[TIME:99000ns] [WARNING] [ALU] Data mismatch detected on ALU: mismatch detected
[TIME:100000ns] [WARNING] [MEMORY_CTRL] MEMORY_CTRL protocol violation: axi violation
[TIME:101000ns] [INFO] [ALU] Assertion failed in ALU: assert
[TIME:102000ns] [INFO] [MEMORY_CTRL] Data mismatch detected on MEMORY_CTRL: data mismatch
[TIME:103000ns] [WARNING] [AXI_INTERFACE] Memory error in AXI_INTERFACE: parity error
[TIME:104000ns] [INFO] [MEMORY_CTRL] MEMORY_CTRL stalled waiting for response
[TIME:105000ns] [ERROR] [CACHE_CTRL] CACHE_CTRL protocol violation: protocol
[TIME:106000ns] [INFO] [ALU] Assertion failed in ALU: assert
[TIME:107000ns] [INFO] [ALU] Memory error in ALU: parity error
[TIME:108000ns] [INFO] [ALU] ALU timeout waiting for response
[TIME:109000ns] [INFO] [MEMORY_CTRL] MEMORY_CTRL no response waiting for response
[TIME:110000ns] [INFO] [ALU] ALU no response waiting for response
[TIME:111000ns] [FATAL] [ALU] Memory error in ALU: parity error
[TIME:112000ns] [INFO] [AXI_INTERFACE] Memory error in AXI_INTERFACE: ecc error
[TIME:113000ns] [ERROR] [ALU] ALU protocol violation: handshake
[TIME:114000ns] [WARNING] [AXI_INTERFACE] AXI_INTERFACE stalled waiting for response
[TIME:115000ns] [FATAL] [CACHE_CTRL] CACHE_CTRL protocol violation: handshake
[TIME:116000ns] [INFO] [ALU] Assertion failed in ALU: assert
[TIME:117000ns] [INFO] [CACHE_CTRL] CACHE_CTRL protocol violation: invalid state
[TIME:118000ns] [WARNING] [CACHE_CTRL] Data mismatch detected on CACHE_CTRL: data mismatch
[TIME:119000ns] [INFO] [AXI_INTERFACE] AXI_INTERFACE no response waiting for response
[TIME:120000ns] [INFO] [ALU] Assertion failed in ALU: property
[TIME:121000ns] [ERROR] [MEMORY_CTRL] MEMORY_CTRL protocol violation: protocol
[TIME:122000ns] [INFO] [CACHE_CTRL] CACHE_CTRL timeout waiting for response
[TIME:123000ns] [ERROR] [AXI_INTERFACE] Assertion failed in AXI_INTERFACE: assertion
[TIME:124000ns] [FATAL] [AXI_INTERFACE] Assertion failed in AXI_INTERFACE: property
[TIME:125000ns] [INFO] [ALU] Assertion failed in ALU: assert
[TIME:126000ns] [INFO] [AXI_INTERFACE] Assertion failed in AXI_INTERFACE: property
[TIME:127000ns] [INFO] [MEMORY_CTRL] MEMORY_CTRL protocol violation: handshake
[TIME:128000ns] [ERROR] [CACHE_CTRL] CACHE_CTRL protocol violation: invalid state
[TIME:128999ns] [INFO] [CACHE_CTRL] Memory error in CACHE_CTRL: ecc error
[TIME:129999ns] [FATAL] [AXI_INTERFACE] AXI_INTERFACE protocol violation: axi violation
[TIME:131000ns] [WARNING] [AXI_INTERFACE] AXI_INTERFACE timeout waiting for response
[TIME:132000ns] [ERROR] [AXI_INTERFACE] Assertion failed in AXI_INTERFACE: assert
[TIME:133000ns] [INFO] [CACHE_CTRL] CACHE_CTRL stalled waiting for response
[TIME:134000ns] [INFO] [CACHE_CTRL] Assertion failed in CACHE_CTRL: assert
[TIME:135000ns] [INFO] [MEMORY_CTRL] MEMORY_CTRL protocol violation: axi violation
[TIME:136000ns] [INFO] [CACHE_CTRL] CACHE_CTRL timeout waiting for response
[TIME:137000ns] [INFO] [AXI_INTERFACE] Memory error in AXI_INTERFACE: ecc error
[TIME:138000ns] [INFO] [ALU] ALU protocol violation: handshake
[TIME:139000ns] [INFO] [MEMORY_CTRL] MEMORY_CTRL timeout waiting for response
[TIME:140000ns] [ERROR] [ALU] Assertion failed in ALU: assert
[TIME:141000ns] [ERROR] [CACHE_CTRL] Assertion failed in CACHE_CTRL: assertion
[TIME:142000ns] [WARNING] [CACHE_CTRL] CACHE_CTRL protocol violation: invalid state
[TIME:143000ns] [INFO] [MEMORY_CTRL] Memory error in MEMORY_CTRL: ecc error
[TIME:144000ns] [INFO] [ALU] Data mismatch detected on ALU: data mismatch
[TIME:145000ns] [INFO] [AXI_INTERFACE] Assertion failed in AXI_INTERFACE: assert
[TIME:146000ns] [INFO] [MEMORY_CTRL] MEMORY_CTRL protocol violation: axi violation
[TIME:147000ns] [WARNING] [MEMORY_CTRL] MEMORY_CTRL stalled waiting for response
[TIME:148000ns] [WARNING] [ALU] Data mismatch detected on ALU: data mismatch
[TIME:149000ns] [INFO] [CACHE_CTRL] CACHE_CTRL protocol violation: handshake
[TIME:150000ns] [INFO] [MEMORY_CTRL] Assertion failed in MEMORY_CTRL: assertion
[TIME:151000ns] [ERROR] [MEMORY_CTRL] MEMORY_CTRL stalled waiting for response
[TIME:152000ns] [INFO] [CACHE_CTRL] CACHE_CTRL protocol violation: handshake
[TIME:153000ns] [INFO] [AXI_INTERFACE] Assertion failed in AXI_INTERFACE: assert
[TIME:154000ns] [ERROR] [ALU] Data mismatch detected on ALU: mismatch detected
[TIME:155000ns] [INFO] [CACHE_CTRL] CACHE_CTRL no response waiting for response
[TIME:156000ns] [INFO] [CACHE_CTRL] Assertion failed in CACHE_CTRL: assertion
[TIME:157000ns] [WARNING] [ALU] Assertion failed in ALU: property
[TIME:158000ns] [INFO] [CACHE_CTRL] CACHE_CTRL stalled waiting for response
[TIME:159000ns] [ERROR] [ALU] ALU stalled waiting for response
[TIME:160000ns] [WARNING] [ALU] Memory error in ALU: parity error
[TIME:161000ns] [INFO] [ALU] Data mismatch detected on ALU: mismatch detected
[TIME:162000ns] [INFO] [MEMORY_CTRL] Data mismatch detected on MEMORY_CTRL: data mismatch
[TIME:163000ns] [INFO] [MEMORY_CTRL] Assertion failed in MEMORY_CTRL: assertion
[TIME:164000ns] [INFO] [CACHE_CTRL] Memory error in CACHE_CTRL: ecc error
[TIME:165000ns] [INFO] [ALU] ALU stalled waiting for response
[TIME:166000ns] [INFO] [AXI_INTERFACE] AXI_INTERFACE protocol violation: invalid state
[TIME:167000ns] [INFO] [ALU] Memory error in ALU: ecc error
[TIME:168000ns] [INFO] [MEMORY_CTRL] Assertion failed in MEMORY_CTRL: assertion
[TIME:169000ns] [WARNING] [CACHE_CTRL] Assertion failed in CACHE_CTRL: assert
[TIME:170000ns] [ERROR] [MEMORY_CTRL] Data mismatch detected on MEMORY_CTRL: data mismatch
[TIME:171000ns] [INFO] [ALU] Data mismatch detected on ALU: compare fail
[TIME:172000ns] [INFO] [ALU] Data mismatch detected on ALU: mismatch detected
[TIME:173000ns] [INFO] [AXI_INTERFACE] AXI_INTERFACE no response waiting for response
[TIME:174000ns] [WARNING] [MEMORY_CTRL] MEMORY_CTRL no response waiting for response
[TIME:175000ns] [INFO] [MEMORY_CTRL] Data mismatch detected on MEMORY_CTRL: mismatch detected
[TIME:176000ns] [INFO] [AXI_INTERFACE] AXI_INTERFACE stalled waiting for response
[TIME:177000ns] [INFO] [CACHE_CTRL] CACHE_CTRL stalled waiting for response
[TIME:178000ns] [INFO] [AXI_INTERFACE] Memory error in AXI_INTERFACE: ecc error
[TIME:179000ns] [INFO] [MEMORY_CTRL] MEMORY_CTRL protocol violation: invalid state
[TIME:180000ns] [INFO] [AXI_INTERFACE] AXI_INTERFACE protocol violation: invalid state
[TIME:181000ns] [WARNING] [AXI_INTERFACE] Memory error in AXI_INTERFACE: parity error
[TIME:182000ns] [INFO] [ALU] ALU timeout waiting for response
[TIME:183000ns] [INFO] [ALU] ALU protocol violation: handshake
[TIME:184000ns] [INFO] [CACHE_CTRL] Data mismatch detected on CACHE_CTRL: mismatch detected
[TIME:185000ns] [WARNING] [MEMORY_CTRL] Memory error in MEMORY_CTRL: invalid address
[TIME:186000ns] [INFO] [MEMORY_CTRL] MEMORY_CTRL no response waiting for response
[TIME:187000ns] [WARNING] [ALU] ALU protocol violation: protocol
[TIME:188000ns] [INFO] [MEMORY_CTRL] Memory error in MEMORY_CTRL: parity error
[TIME:189000ns] [WARNING] [ALU] ALU no response waiting for response
[TIME:190000ns] [ERROR] [AXI_INTERFACE] AXI_INTERFACE no response waiting for response
[TIME:191000ns] [FATAL] [AXI_INTERFACE] Data mismatch detected on AXI_INTERFACE: mismatch detected
[TIME:192000ns] [INFO] [ALU] Memory error in ALU: parity error
[TIME:193000ns] [INFO] [ALU] Memory error in ALU: parity error
[TIME:194000ns] [INFO] [CACHE_CTRL] CACHE_CTRL protocol violation: handshake
[TIME:195000ns] [INFO] [AXI_INTERFACE] AXI_INTERFACE protocol violation: protocol
[TIME:196000ns] [INFO] [AXI_INTERFACE] Memory error in AXI_INTERFACE: invalid address
[TIME:197000ns] [INFO] [ALU] Data mismatch detected on ALU: mismatch detected
[TIME:198000ns] [WARNING] [ALU] ALU protocol violation: axi violation
[TIME:199000ns] [INFO] [CACHE_CTRL] CACHE_CTRL timeout waiting for response
[TIME:200000ns] [INFO] [ALU] Data mismatch detected on ALU: compare fail
[TIME:201000ns] [ERROR] [AXI_INTERFACE] AXI_INTERFACE protocol violation: handshake
[TIME:202000ns] [ERROR] [CACHE_CTRL] Memory error in CACHE_CTRL: invalid address
[TIME:203000ns] [FATAL] [CACHE_CTRL] Data mismatch detected on CACHE_CTRL: compare fail
[TIME:204000ns] [INFO] [CACHE_CTRL] CACHE_CTRL no response waiting for response
[TIME:205000ns] [INFO] [CACHE_CTRL] Memory error in CACHE_CTRL: invalid address
[TIME:206000ns] [FATAL] [ALU] Data mismatch detected on ALU: data mismatch
[TIME:207000ns] [INFO] [CACHE_CTRL] Data mismatch detected on CACHE_CTRL: compare fail
[TIME:208000ns] [INFO] [MEMORY_CTRL] Data mismatch detected on MEMORY_CTRL: compare fail
[TIME:209000ns] [INFO] [CACHE_CTRL] Memory error in CACHE_CTRL: ecc error
[TIME:210000ns] [INFO] [AXI_INTERFACE] Memory error in AXI_INTERFACE: parity error
[TIME:211000ns] [INFO] [AXI_INTERFACE] Memory error in AXI_INTERFACE: invalid address
[TIME:212000ns] [INFO] [ALU] ALU stalled waiting for response
[TIME:213000ns] [WARNING] [MEMORY_CTRL] MEMORY_CTRL timeout waiting for response
[TIME:214000ns] [INFO] [CACHE_CTRL] CACHE_CTRL stalled waiting for response
[TIME:215000ns] [INFO] [CACHE_CTRL] Data mismatch detected on CACHE_CTRL: data mismatch
[TIME:216000ns] [INFO] [MEMORY_CTRL] MEMORY_CTRL protocol violation: protocol
[TIME:217000ns] [INFO] [AXI_INTERFACE] Assertion failed in AXI_INTERFACE: property
[TIME:218000ns] [INFO] [ALU] Memory error in ALU: parity error
[TIME:219000ns] [WARNING] [AXI_INTERFACE] AXI_INTERFACE stalled waiting for response
[TIME:220000ns] [INFO] [AXI_INTERFACE] Memory error in AXI_INTERFACE: ecc error
[TIME:221000ns] [INFO] [CACHE_CTRL] Data mismatch detected on CACHE_CTRL: mismatch detected
[TIME:222000ns] [INFO] [ALU] Data mismatch detected on ALU: data mismatch
[TIME:223000ns] [WARNING] [CACHE_CTRL] Data mismatch detected on CACHE_CTRL: data mismatch
[TIME:224000ns] [ERROR] [ALU] Assertion failed in ALU: assert
[TIME:225000ns] [INFO] [ALU] Memory error in ALU: ecc error
[TIME:226000ns] [INFO] [ALU] ALU timeout waiting for response
[TIME:227000ns] [INFO] [AXI_INTERFACE] Memory error in AXI_INTERFACE: ecc error
[TIME:228000ns] [INFO] [MEMORY_CTRL] MEMORY_CTRL no response waiting for response
[TIME:229000ns] [INFO] [CACHE_CTRL] CACHE_CTRL protocol violation: protocol
[TIME:230000ns] [WARNING] [AXI_INTERFACE] AXI_INTERFACE no response waiting for response
[TIME:231000ns] [WARNING] [ALU] ALU timeout waiting for response
[TIME:232000ns] [INFO] [AXI_INTERFACE] Data mismatch detected on AXI_INTERFACE: data mismatch
[TIME:233000ns] [INFO] [ALU] Memory error in ALU: ecc error
[TIME:234000ns] [INFO] [AXI_INTERFACE] Data mismatch detected on AXI_INTERFACE: mismatch detected
[TIME:235000ns] [FATAL] [ALU] Memory error in ALU: parity error
[TIME:236000ns] [INFO] [AXI_INTERFACE] Data mismatch detected on AXI_INTERFACE: mismatch detected
[TIME:237000ns] [INFO] [CACHE_CTRL] Assertion failed in CACHE_CTRL: assert
[TIME:238000ns] [INFO] [MEMORY_CTRL] Data mismatch detected on MEMORY_CTRL: mismatch detected
[TIME:239000ns] [INFO] [MEMORY_CTRL] Assertion failed in MEMORY_CTRL: assert
[TIME:240000ns] [INFO] [AXI_INTERFACE] AXI_INTERFACE protocol violation: axi violation
[TIME:241000ns] [ERROR] [MEMORY_CTRL] MEMORY_CTRL timeout waiting for response
[TIME:242000ns] [INFO] [CACHE_CTRL] Data mismatch detected on CACHE_CTRL: compare fail
[TIME:243000ns] [INFO] [ALU] ALU protocol violation: handshake
[TIME:244000ns] [ERROR] [CACHE_CTRL] Assertion failed in CACHE_CTRL: assertion
[TIME:245000ns] [FATAL] [AXI_INTERFACE] AXI_INTERFACE timeout waiting for response
[TIME:246000ns] [ERROR] [CACHE_CTRL] CACHE_CTRL protocol violation: axi violation
[TIME:247000ns] [INFO] [CACHE_CTRL] Memory error in CACHE_CTRL: parity error
[TIME:248000ns] [ERROR] [CACHE_CTRL] Memory error in CACHE_CTRL: invalid address
[TIME:248999ns] [FATAL] [CACHE_CTRL] CACHE_CTRL protocol violation: protocol
[TIME:250000ns] [INFO] [ALU] ALU stalled waiting for response
[TIME:250999ns] [INFO] [MEMORY_CTRL] MEMORY_CTRL protocol violation: handshake
[TIME:252000ns] [INFO] [AXI_INTERFACE] AXI_INTERFACE timeout waiting for response
[TIME:253000ns] [INFO] [AXI_INTERFACE] Assertion failed in AXI_INTERFACE: assert
[TIME:254000ns] [INFO] [MEMORY_CTRL] MEMORY_CTRL protocol violation: axi violation
[TIME:255000ns] [ERROR] [MEMORY_CTRL] Assertion failed in MEMORY_CTRL: assert
[TIME:256000ns] [ERROR] [AXI_INTERFACE] Memory error in AXI_INTERFACE: ecc error
[TIME:257000ns] [ERROR] [AXI_INTERFACE] AXI_INTERFACE timeout waiting for response
[TIME:257999ns] [INFO] [MEMORY_CTRL] Data mismatch detected on MEMORY_CTRL: data mismatch
[TIME:259000ns] [WARNING] [CACHE_CTRL] Memory error in CACHE_CTRL: invalid address
[TIME:259999ns] [ERROR] [AXI_INTERFACE] Memory error in AXI_INTERFACE: ecc error
[TIME:261000ns] [ERROR] [ALU] Data mismatch detected on ALU: compare fail
[TIME:262000ns] [INFO] [CACHE_CTRL] Data mismatch detected on CACHE_CTRL: data mismatch
[TIME:263000ns] [INFO] [CACHE_CTRL] CACHE_CTRL protocol violation: handshake
[TIME:264000ns] [INFO] [MEMORY_CTRL] Memory error in MEMORY_CTRL: parity error
[TIME:265000ns] [WARNING] [MEMORY_CTRL] MEMORY_CTRL no response waiting for response
[TIME:266000ns] [INFO] [ALU] Memory error in ALU: invalid address
[TIME:267000ns] [ERROR] [CACHE_CTRL] Memory error in CACHE_CTRL: ecc error
[TIME:268000ns] [INFO] [CACHE_CTRL] Memory error in CACHE_CTRL: invalid address
[TIME:269000ns] [WARNING] [CACHE_CTRL] Assertion failed in CACHE_CTRL: assertion
[TIME:270000ns] [ERROR] [AXI_INTERFACE] AXI_INTERFACE no response waiting for response
[TIME:271000ns] [ERROR] [ALU] Assertion failed in ALU: assert
[TIME:272000ns] [INFO] [AXI_INTERFACE] AXI_INTERFACE protocol violation: axi violation
[TIME:273000ns] [INFO] [ALU] Assertion failed in ALU: assertion
[TIME:274000ns] [FATAL] [CACHE_CTRL] CACHE_CTRL protocol violation: protocol
[TIME:275000ns] [ERROR] [MEMORY_CTRL] Data mismatch detected on MEMORY_CTRL: mismatch detected
[TIME:276000ns] [INFO] [ALU] Memory error in ALU: ecc error
[TIME:277000ns] [INFO] [ALU] Assertion failed in ALU: assertion
[TIME:278000ns] [WARNING] [AXI_INTERFACE] Assertion failed in AXI_INTERFACE: assertion
[TIME:279000ns] [WARNING] [AXI_INTERFACE] AXI_INTERFACE stalled waiting for response
[TIME:280000ns] [INFO] [MEMORY_CTRL] Assertion failed in MEMORY_CTRL: assertion
[TIME:281000ns] [INFO] [CACHE_CTRL] Assertion failed in CACHE_CTRL: property
[TIME:282000ns] [INFO] [MEMORY_CTRL] Assertion failed in MEMORY_CTRL: property
[TIME:283000ns] [ERROR] [MEMORY_CTRL] Memory error in MEMORY_CTRL: ecc error
[TIME:284000ns] [ERROR] [ALU] Memory error in ALU: ecc error
[TIME:285000ns] [FATAL] [ALU] Data mismatch detected on ALU: data mismatch
[TIME:286000ns] [ERROR] [CACHE_CTRL] CACHE_CTRL no response waiting for response
[TIME:287000ns] [ERROR] [CACHE_CTRL] Data mismatch detected on CACHE_CTRL: mismatch detected
[TIME:288000ns] [WARNING] [MEMORY_CTRL] Assertion failed in MEMORY_CTRL: assertion
[TIME:289000ns] [INFO] [ALU] ALU protocol violation: axi violation
[TIME:290000ns] [ERROR] [AXI_INTERFACE] AXI_INTERFACE protocol violation: protocol
[TIME:291000ns] [ERROR] [AXI_INTERFACE] Assertion failed in AXI_INTERFACE: property
[TIME:292000ns] [INFO] [ALU] Data mismatch detected on ALU: compare fail
[TIME:293000ns] [FATAL] [MEMORY_CTRL] MEMORY_CTRL timeout waiting for response
[TIME:294000ns] [WARNING] [ALU] Assertion failed in ALU: assertion
[TIME:295000ns] [ERROR] [CACHE_CTRL] CACHE_CTRL protocol violation: invalid state
[TIME:296000ns] [INFO] [AXI_INTERFACE] AXI_INTERFACE stalled waiting for response
[TIME:297000ns] [INFO] [AXI_INTERFACE] Data mismatch detected on AXI_INTERFACE: data mismatch
[TIME:298000ns] [INFO] [AXI_INTERFACE] AXI_INTERFACE protocol violation: invalid state
[TIME:299000ns] [INFO] [MEMORY_CTRL] Data mismatch detected on MEMORY_CTRL: mismatch detected
[TIME:300000ns] [ERROR] [AXI_INTERFACE] Assertion failed in AXI_INTERFACE: property
